[15-Jul-2019 16:49:12] NOTICE: fpm is running, pid 16
[15-Jul-2019 16:49:12] NOTICE: ready to handle connections
[16-Jul-2019 03:36:29] NOTICE: Terminating ...
[16-Jul-2019 03:36:29] NOTICE: exiting, bye-bye!
[16-Jul-2019 08:08:06] NOTICE: fpm is running, pid 54
[16-Jul-2019 08:08:06] NOTICE: ready to handle connections
[16-Jul-2019 15:12:13] NOTICE: Terminating ...
[16-Jul-2019 15:12:13] NOTICE: exiting, bye-bye!
[16-Jul-2019 15:14:12] NOTICE: fpm is running, pid 57
[16-Jul-2019 15:14:12] NOTICE: ready to handle connections
[17-Jul-2019 06:39:35] NOTICE: Terminating ...
[17-Jul-2019 06:39:35] NOTICE: exiting, bye-bye!
[17-Jul-2019 06:44:28] NOTICE: fpm is running, pid 55
[17-Jul-2019 06:44:28] NOTICE: ready to handle connections
[17-Jul-2019 16:48:44] NOTICE: Terminating ...
[17-Jul-2019 16:48:44] NOTICE: exiting, bye-bye!
[20-Jul-2019 13:14:26] NOTICE: fpm is running, pid 56
[20-Jul-2019 13:14:26] NOTICE: ready to handle connections
[21-Jul-2019 09:41:02] NOTICE: fpm is running, pid 57
[21-Jul-2019 09:41:02] NOTICE: ready to handle connections
[21-Jul-2019 14:01:48] NOTICE: fpm is running, pid 58
[21-Jul-2019 14:01:48] NOTICE: ready to handle connections
[21-Jul-2019 14:43:40] NOTICE: Terminating ...
[21-Jul-2019 14:43:40] NOTICE: exiting, bye-bye!
[21-Jul-2019 15:04:28] NOTICE: fpm is running, pid 56
[21-Jul-2019 15:04:28] NOTICE: ready to handle connections
[22-Jul-2019 10:45:09] NOTICE: Terminating ...
[22-Jul-2019 10:45:09] NOTICE: exiting, bye-bye!
[23-Jul-2019 15:40:47] NOTICE: fpm is running, pid 57
[23-Jul-2019 15:40:47] NOTICE: ready to handle connections
[23-Jul-2019 16:34:20] NOTICE: Terminating ...
[23-Jul-2019 16:34:20] NOTICE: exiting, bye-bye!
[30-Jul-2019 17:06:34] NOTICE: fpm is running, pid 57
[30-Jul-2019 17:06:34] NOTICE: ready to handle connections
[07-Aug-2019 17:39:01] NOTICE: Terminating ...
[07-Aug-2019 17:39:01] NOTICE: exiting, bye-bye!
[07-Aug-2019 22:52:34] NOTICE: fpm is running, pid 56
[07-Aug-2019 22:52:34] NOTICE: ready to handle connections
[08-Aug-2019 00:50:05] NOTICE: Terminating ...
[08-Aug-2019 00:50:05] NOTICE: exiting, bye-bye!
[12-Aug-2019 22:48:32] NOTICE: fpm is running, pid 57
[12-Aug-2019 22:48:32] NOTICE: ready to handle connections
[16-Aug-2019 01:21:35] NOTICE: Terminating ...
[16-Aug-2019 01:21:35] NOTICE: exiting, bye-bye!
[16-Aug-2019 01:36:29] NOTICE: fpm is running, pid 58
[16-Aug-2019 01:36:29] NOTICE: ready to handle connections
[16-Aug-2019 02:01:36] NOTICE: Terminating ...
[16-Aug-2019 02:01:36] NOTICE: exiting, bye-bye!
[20-Aug-2019 18:33:59] NOTICE: fpm is running, pid 57
[20-Aug-2019 18:33:59] NOTICE: ready to handle connections
[21-Aug-2019 22:33:07] NOTICE: fpm is running, pid 58
[21-Aug-2019 22:33:07] NOTICE: ready to handle connections
[14-Sep-2019 18:23:21] NOTICE: fpm is running, pid 57
[14-Sep-2019 18:23:21] NOTICE: ready to handle connections
